<?xml version="1.0" encoding="UTF-8"?>
<!-- Generated by org.testng.reporters.JUnitReportReporter -->
<testsuite skipped="0" hostname="DESKTOP-D7ORO7J" name="com.qa.TestClasses.LoginTest" tests="1" failures="0" timestamp="29 Mar 2020 16:19:42 GMT" time="22.428" errors="0">
  <testcase name="YourLogoLogin" time="22.428" classname="com.qa.TestClasses.LoginTest"/>
</testsuite> <!-- com.qa.TestClasses.LoginTest -->
