<?xml version="1.0" encoding="UTF-8"?>
<!-- Generated by org.testng.reporters.JUnitReportReporter -->
<testsuite skipped="0" hostname="DESKTOP-D7ORO7J" name="com.qa.TestClasses.OrderProductTest" tests="1" failures="0" timestamp="29 Mar 2020 16:00:46 GMT" time="54.310" errors="0">
  <testcase name="CreateAccount" time="54.310" classname="com.qa.TestClasses.OrderProductTest"/>
</testsuite> <!-- com.qa.TestClasses.OrderProductTest -->
